<?xml version="1.0" encoding="UTF-8"?>
<testng-results skipped="0" failed="1" total="1" passed="0">
  <reporter-output>
    <line>
      <![CDATA[[15:39:50] : <b><FONT SIZE="2">Opened eSysco Login Page </FONT></b><br>]]>
    </line>
    <line>
      <![CDATA[<b><font color='RED'>ERROR	:- Element [txt_UserName] is not present.</font></b>]]>
    </line>
    <line>
      <![CDATA[<br><a href=screenshots/BR001_04_Screenshot.png>Screenshot</a> 
]]>
    </line>
    <line>
      <![CDATA[<br><a href=..\com.tests.Esysco_IFG.BR001_04.ogg >Video</a>]]>
    </line>
  </reporter-output>
  <suite name="sanity" duration-ms="133567" started-at="2016-12-21T21:38:55Z" finished-at="2016-12-21T21:41:09Z">
    <groups>
      <group name="IFG_Specific">
        <method signature="Esysco_IFG.BR001_04()[pri:0, instance:com.tests.Esysco_IFG@28feb3fa]" name="BR001_04" class="com.tests.Esysco_IFG"/>
      </group> <!-- IFG_Specific -->
    </groups>
    <test name="Default test" duration-ms="133567" started-at="2016-12-21T21:38:55Z" finished-at="2016-12-21T21:41:09Z">
      <class name="com.tests.Esysco_IFG">
        <test-method status="PASS" signature="setUp(java.lang.reflect.Method)[pri:0, instance:com.tests.Esysco_IFG@28feb3fa]" name="setUp" is-config="true" duration-ms="53387" started-at="2016-12-21T15:38:56Z" finished-at="2016-12-21T15:39:49Z">
          <params>
            <param index="0">
              <value>
                <![CDATA[public void com.tests.Esysco_IFG.BR001_04()]]>
              </value>
            </param>
          </params>
          <reporter-output>
          </reporter-output>
        </test-method> <!-- setUp -->
        <test-method status="FAIL" signature="BR001_04()[pri:0, instance:com.tests.Esysco_IFG@28feb3fa]" name="BR001_04" duration-ms="69429" started-at="2016-12-21T15:39:49Z" description="BR001_04 : Validation of Sysco Market Express home page for IFG user" finished-at="2016-12-21T15:40:59Z">
          <exception class="zRfghY.e">
            <message>
              <![CDATA[Element [txt_UserName] is not present.]]>
            </message>
            <full-stacktrace>
              <![CDATA[zRfghY.e: Element [txt_UserName] is not present.
	at zRfghY.d.a(SynchronizationAction.java:90)
	at zRfghY.d.b(SynchronizationAction.java:63)
	at zRfghY.c.waitForTargetPresent(CommandImpl.java:271)
	at com.components.pages.LoginPage.loginToApplication(LoginPage.java:59)
	at com.tests.Esysco_IFG.BR001_04(Esysco_IFG.java:83)
	at sun.reflect.NativeMethodAccessorImpl.invoke0(Native Method)
	at sun.reflect.NativeMethodAccessorImpl.invoke(Unknown Source)
	at sun.reflect.DelegatingMethodAccessorImpl.invoke(Unknown Source)
	at java.lang.reflect.Method.invoke(Unknown Source)
	at org.testng.internal.MethodInvocationHelper.invokeMethod(MethodInvocationHelper.java:84)
	at org.testng.internal.Invoker.invokeMethod(Invoker.java:714)
	at org.testng.internal.Invoker.invokeTestMethod(Invoker.java:901)
	at org.testng.internal.Invoker.invokeTestMethods(Invoker.java:1231)
	at org.testng.internal.TestMethodWorker.invokeTestMethods(TestMethodWorker.java:127)
	at org.testng.internal.TestMethodWorker.run(TestMethodWorker.java:111)
	at org.testng.TestRunner.privateRun(TestRunner.java:767)
	at org.testng.TestRunner.run(TestRunner.java:617)
	at org.testng.SuiteRunner.runTest(SuiteRunner.java:334)
	at org.testng.SuiteRunner.runSequentially(SuiteRunner.java:329)
	at org.testng.SuiteRunner.privateRun(SuiteRunner.java:291)
	at org.testng.SuiteRunner.run(SuiteRunner.java:240)
	at org.testng.SuiteRunnerWorker.runSuite(SuiteRunnerWorker.java:52)
	at org.testng.SuiteRunnerWorker.run(SuiteRunnerWorker.java:86)
	at org.testng.TestNG.runSuitesSequentially(TestNG.java:1224)
	at org.testng.TestNG.runSuitesLocally(TestNG.java:1149)
	at org.testng.TestNG.run(TestNG.java:1057)
	at org.testng.remote.AbstractRemoteTestNG.run(AbstractRemoteTestNG.java:132)
	at org.testng.remote.RemoteTestNG.initAndRun(RemoteTestNG.java:236)
	at org.testng.remote.RemoteTestNG.main(RemoteTestNG.java:81)
]]>
            </full-stacktrace>
          </exception> <!-- zRfghY.e -->
          <reporter-output>
            <line>
              <![CDATA[[15:39:50] : <b><FONT SIZE="2">Opened eSysco Login Page </FONT></b><br>]]>
            </line>
            <line>
              <![CDATA[<b><font color='RED'>ERROR	:- Element [txt_UserName] is not present.</font></b>]]>
            </line>
            <line>
              <![CDATA[<br><a href=screenshots/BR001_04_Screenshot.png>Screenshot</a> 
]]>
            </line>
            <line>
              <![CDATA[<br><a href=..\com.tests.Esysco_IFG.BR001_04.ogg >Video</a>]]>
            </line>
          </reporter-output>
        </test-method> <!-- BR001_04 -->
      </class> <!-- com.tests.Esysco_IFG -->
    </test> <!-- Default test -->
  </suite> <!-- sanity -->
</testng-results>
